<?xml version="1.0" encoding="UTF-8"?>
<!-- Generated by org.testng.reporters.JUnitReportReporter -->
<testsuite hostname="ALG4205" failures="0" tests="1" name="sccE2E.businessProcessFlowTest" time="38.100" errors="0" timestamp="2023-10-14T20:54:44 BST" skipped="0">
  <testcase classname="sccE2E.businessProcessFlowTest" name="businessProcessFlowCheck" time="38.100"/>
</testsuite> <!-- sccE2E.businessProcessFlowTest -->
